02-09-2022 04:12:49,Info,Eclipse Build Path Nesting Errors
02-09-2022 04:53:06,Debug,Why should we include ttf, eot, woff, svg,... in a font-face
02-09-2022 04:54:27,Warning,The last line is read correctly (as of Node v0.12 or later)
02-09-2022 04:05:16,Error,you need a terminal:false in the createInterface definition
02-09-2022 04:08:13,Info,Eclipse Build Path Nesting Errors
02-09-2022 04:30:33,Warning,The last line is read correctly (as of Node v0.12 or later)
02-09-2022 04:06:12,Error,you need a terminal:false in the createInterface definition
02-09-2022 04:28:08,Debug,Why should we include ttf, eot, woff, svg,... in a font-face
02-09-2022 04:02:25,Error,you need a terminal:false in the createInterface definition
02-09-2022 04:34:43,Debug,Why should we include ttf, eot, woff, svg,... in a font-face
02-09-2022 04:26:53,Info,Eclipse Build Path Nesting Errors
02-09-2022 04:22:46,Warning,The last line is read correctly (as of Node v0.12 or later)
02-09-2022 04:58:11,Info,Eclipse Build Path Nesting Errors
02-09-2022 04:17:26,Warning,The last line is read correctly (as of Node v0.12 or later)
02-09-2022 04:37:59,Error,you need a terminal:false in the createInterface definition
02-09-2022 04:44:55,Debug,Why should we include ttf, eot, woff, svg,... in a font-face
02-09-2022 04:03:24,Info,Eclipse Build Path Nesting Errors
02-09-2022 04:16:34,Debug,Why should we include ttf, eot, 
02-09-2022 04:21:24,Info,Eclipse Build Path Nesting Errors
02-09-2022 04:52:34,Warning,The last line is read correctly (as of No
02-09-2022 04:43:04,Error,you need a terminal:false in the crea
02-09-2022 04:24:21,Debug,Why should we include ttf, eot, woff, svg,... in a font-face]]]]]]]]]]]]]]]]]
02-09-2022 04:56:53,Warning,The last line is read correctly (as of Node v0.12 or later)
02-09-2022 04:33:15,Debug,Why should we include ttf, eot, woff, svg,... in a fon[[[[[[
02-09-2022 04:29:47,Info,Eclipse Build Path Nesting Errors
02-09-2022 04:15:16,Warning,The last line is read correctly (as of Node v0.12 or later)
02-09-2022 04:26:43,Error,you need a terminal:false in the createInterface definition[[[[[[[[
02-09-2022 04:14:18,Debug,Why should we include ttf, eot, woff, svg,... in a font-face
02-09-2022 04:11:37,Info,Eclipse Build Path Nesting Errors
02-09-2022 04:37:12,Error,you need a terminal:false in the createInterface definition
02-09-2022 04:03:12,Warning,The last line is read correctly (as of Node v0.12 or later)
02-09-2022 04:19:58,Error,you need a terminal:false in the createInterface definition
02-09-2022 04:55:05,Debug,Why should we include ttf, eot, woff, svg,... in a font-face
02-09-2022 04:15:45,Info,Eclipse Build Path Nesting Errors
02-09-2022 04:39:15,Error,you need a terminal:false in the createInterface definition
02-09-2022 04:11:59,Debug,Why should we include ttf, eot, woff, svg,... in a font-face
02-09-2022 04:36:57,Warning,The last line is read correctly (as of Node v0.12 or later)
02-09-2022 04:22:08,Error,you need a terminal:false in the createInterface definition
02-09-2022 04:46:24,Info,Eclipse Build Path Nesting Errors
02-09-2022 04:54:16,Debug,Why should we include ttf, eot, woff, svg,... in a font-face
02-09-2022 04:31:35,Info,Eclipse Build Path Nesting Errors
02-09-2022 04:06:05,Error,you need a terminal:false in the createInterface definition
02-09-2022 04:33:22,Debug,Why should we include ttf, eot, woff, svg,... in a font-face
02-09-2022 04:51:12,Info,Eclipse Build Path Nesting Errors
02-09-2022 04:32:44,Warning,The last line is read correctly (as of Node v0.12 or later)
02-09-2022 04:28:15,Error,you need a terminal:false in the createInterface definition
02-09-2022 04:43:21,Warning,The last line is read correctly (as of Node v0.12 or later)
02-09-2022 04:09:12,Info,Eclipse Build Path Nesting Errors
02-09-2022 04:20:18,Warning,The last line is read correctly (as of Node v0.12 or later)
02-09-2022 04:55:45,Error,you need a terminal:false in the createInterface definition
02-09-2022 04:42:34,Debug,Why should we include ttf, eot, woff, svg,... in a font-face
02-09-2022 04:53:51,Info,Eclipse Build Path Nesting Errors
02-09-2022 04:17:14,Warning,The last line is read correctly (as of Node v0.12 or later)
02-09-2022 04:30:04,Debug,Why should we include ttf, eot, woff, svg,... in a font-face
02-09-2022 04:11:24,Info,Eclipse Build Path Nesting Errors
02-09-2022 04:26:29,Error,you need a terminal:false in the createInterface definition
02-09-2022 04:16:56,Debug,Why should we include ttf, eot, woff, svg,... in a font-face
02-09-2022 04:36:35,Warning,The last line is read correctly (as of Node v0.12 or later)
02-09-2022 04:49:25,Error,you need a terminal:false in the createInterface definition
02-09-2022 04:30:37,Debug,Why should we include ttf, eot, woff, svg,... in a font-face
02-09-2022 04:48:09,Info,Eclipse Build Path Nesting Errors
02-09-2022 04:12:38,Warning,The last line is read correctly (as of Node v0.12 or later)
02-09-2022 04:22:59,Debug,Why should we include ttf, eot, woff, svg,... in a font-face
02-09-2022 04:49:31,Info,Eclipse Build Path Nesting Errors
02-09-2022 04:24:34,Warning,The last line is read correctly (as of Node v0.12 or later)
02-09-2022 04:50:05,Error,you need a terminal:false in the createInterface definition