10-11-2022 15:05:01,Debug,Why should we include ttf, eot, woff, svg,... in a font-face
10-11-2022 15:15:02,Info,Eclipse Build Path Nesting Errors
10-11-2022 15:25:03,Warning,The last line is read correctly (as of Node v0.12 or later)
10-11-2022 15:35:04,Error,you need a terminal:false in the createInterface definition
10-11-2022 15:45:05,Debug,Why should we include ttf, eot, woff, svg,... in a font-face
10-11-2022 15:55:06,Info,Eclipse Build Path Nesting Errors
10-11-2022 15:02:07,Warning,The last line is read correctly (as of Node v0.12 or later)
10-11-2022 15:04:08,Error,you need a terminal:false in the createInterface definition
10-11-2022 15:06:09,Debug,Why should we include ttf, eot, woff, svg,... in a font-face
10-11-2022 15:08:10,Info,Eclipse Build Path Nesting Errors
10-11-2022 15:12:11,Warning,The last line is read correctly (as of Node v0.12 or later)
10-11-2022 15:14:12,Error,you need a terminal:false in the createInterface definition
10-11-2022 15:16:13,Debug,Why should we include ttf, eot, woff, svg,... in a font-face
10-11-2022 15:18:14,Info,Eclipse Build Path Nesting Errors
10-11-2022 15:22:15,Warning,The last line is read correctly (as of Node v0.12 or later)
10-11-2022 15:24:16,Error,you need a terminal:false in the createInterface definition
10-11-2022 15:26:17,Debug,Why should we include ttf, eot, woff, svg,... in a font-face
10-11-2022 15:28:18,Info,Eclipse Build Path Nesting Errors
10-11-2022 15:32:19,Warning,The last line is read correctly (as of Node v0.12 or later)
10-11-2022 15:34:20,Error,you need a terminal:false in the createInterface definition
10-11-2022 15:36:21,Debug,Why should we include ttf, eot, woff, svg,... in a font-face
10-11-2022 15:38:22,Info,Eclipse Build Path Nesting Errors
10-11-2022 15:40:23,Warning,The last line is read correctly (as of Node v0.12 or later)
10-11-2022 15:30:24,Error,you need a terminal:false in the createInterface definition
10-11-2022 15:42:25,Debug,Why should we include ttf, eot, woff, svg,... in a font-face
10-11-2022 15:44:26,Info,Eclipse Build Path Nesting Errors
10-11-2022 15:46:27,Warning,The last line is read correctly (as of Node v0.12 or later)
10-11-2022 15:48:28,Error,you need a terminal:false in the createInterface definition
10-11-2022 15:50:29,Debug,Why should we include ttf, eot, woff, svg,... in a font-face
10-11-2022 15:52:30,Info,Eclipse Build Path Nesting Errors
10-11-2022 15:54:31,Warning,The last line is read correctly (as of Node v0.12 or later)
10-11-2022 15:56:32,Error,you need a terminal:false in the createInterface definition
10-11-2022 15:58:33,Debug,Why should we include ttf, eot, woff, svg,... in a font-face
10-11-2022 15:03:34,Info,Eclipse Build Path Nesting Errors
10-11-2022 15:09:35,Warning,The last line is read correctly (as of Node v0.12 or later)
10-11-2022 15:21:36,Error,you need a terminal:false in the createInterface definition
10-11-2022 15:27:37,Debug,Why should we include ttf, eot, woff, svg,... in a font-face
10-11-2022 15:33:38,Info,Eclipse Build Path Nesting Errors
10-11-2022 15:39:39,Warning,The last line is read correctly (as of Node v0.12 or later)
10-11-2022 15:51:40,Error,you need a terminal:false in the createInterface definitio