10-11-2022 18:05:01,Debug,Why should we include ttf, eot, woff, svg,... in a font-face
10-11-2022 18:15:02,Info,Eclipse Build Path Nesting Errors
10-11-2022 18:25:03,Warning,The last line is read correctly (as of Node v0.12 or later)
10-11-2022 18:35:04,Error,you need a terminal:false in the createInterface definition
10-11-2022 18:45:05,Debug,Why should we include ttf, eot, woff, svg,... in a font-face
10-11-2022 18:55:06,Info,Eclipse Build Path Nesting Errors
10-11-2022 18:02:07,Warning,The last line is read correctly (as of Node v0.12 or later)
10-11-2022 18:04:08,Error,you need a terminal:false in the createInterface definition
10-11-2022 18:06:09,Debug,Why should we include ttf, eot, woff, svg,... in a font-face
10-11-2022 18:08:10,Info,Eclipse Build Path Nesting Errors
10-11-2022 18:12:11,Warning,The last line is read correctly (as of Node v0.12 or later)
10-11-2022 18:14:12,Error,you need a terminal:false in the createInterface definition
10-11-2022 18:16:13,Debug,Why should we include ttf, eot, woff, svg,... in a font-face
10-11-2022 18:18:14,Info,Eclipse Build Path Nesting Errors
10-11-2022 18:22:15,Warning,The last line is read correctly (as of Node v0.12 or later)
10-11-2022 18:24:16,Error,you need a terminal:false in the createInterface definition
10-11-2022 18:26:17,Debug,Why should we include ttf, eot, woff, svg,... in a font-face
10-11-2022 18:28:18,Info,Eclipse Build Path Nesting Errors
10-11-2022 18:32:19,Warning,The last line is read correctly (as of Node v0.12 or later)
10-11-2022 18:34:20,Error,you need a terminal:false in the createInterface definition
10-11-2022 18:36:21,Debug,Why should we include ttf, eot, woff, svg,... in a font-face
10-11-2022 18:38:22,Info,Eclipse Build Path Nesting Errors
10-11-2022 18:40:23,Warning,The last line is read correctly (as of Node v0.12 or later)
10-11-2022 18:30:24,Error,you need a terminal:false in the createInterface definition
10-11-2022 18:42:25,Debug,Why should we include ttf, eot, woff, svg,... in a font-face
10-11-2022 18:44:26,Info,Eclipse Build Path Nesting Errors
10-11-2022 18:46:27,Warning,The last line is read correctly (as of Node v0.12 or later)
10-11-2022 18:48:28,Error,you need a terminal:false in the createInterface definition
10-11-2022 18:50:29,Debug,Why should we include ttf, eot, woff, svg,... in a font-face
10-11-2022 18:52:30,Info,Eclipse Build Path Nesting Errors
10-11-2022 18:54:31,Warning,The last line is read correctly (as of Node v0.12 or later)
10-11-2022 18:56:32,Error,you need a terminal:false in the createInterface definition
10-11-2022 18:58:33,Debug,Why should we include ttf, eot, woff, svg,... in a font-face
10-11-2022 18:03:34,Info,Eclipse Build Path Nesting Errors
10-11-2022 18:09:35,Warning,The last line is read correctly (as of Node v0.12 or later)
10-11-2022 18:21:36,Error,you need a terminal:false in the createInterface definition
10-11-2022 18:27:37,Debug,Why should we include ttf, eot, woff, svg,... in a font-face
10-11-2022 18:33:38,Info,Eclipse Build Path Nesting Errors
10-11-2022 18:39:39,Warning,The last line is read correctly (as of Node v0.12 or later)
10-11-2022 18:51:40,Error,you need a terminal:false in the createInterface definit